<?xml version="1.0" encoding="UTF-8"?>
<testsuite xmlns:xsi="http://www.w3.org/2001/XMLSchema-instance" xsi:noNamespaceSchemaLocation="https://maven.apache.org/surefire/maven-surefire-plugin/xsd/surefire-test-report-3.0.xsd" version="3.0" name="br.com.sampaioh.teste.ReplaceUtilsTest" time="0.019" tests="2" errors="0" skipped="0" failures="0">
  <properties>
    <property name="java.specification.version" value="21"/>
    <property name="sun.jnu.encoding" value="UTF-8"/>
    <property name="java.class.path" value="/Users/hannasampaio/Desktop/mod-38/target/test-classes:/Users/hannasampaio/Desktop/mod-38/target/classes:/Users/hannasampaio/.m2/repository/org/jboss/spec/jboss-javaee-all-7.0/1.1.1.Final/jboss-javaee-all-7.0-1.1.1.Final.jar:/Users/hannasampaio/.m2/repository/javax/activation/activation/1.1.1/activation-1.1.1.jar:/Users/hannasampaio/.m2/repository/javax/enterprise/cdi-api/1.2/cdi-api-1.2.jar:/Users/hannasampaio/.m2/repository/javax/inject/javax.inject/1/javax.inject-1.jar:/Users/hannasampaio/.m2/repository/javax/jws/jsr181-api/1.0-MR1/jsr181-api-1.0-MR1.jar:/Users/hannasampaio/.m2/repository/com/sun/mail/javax.mail/1.5.6/javax.mail-1.5.6.jar:/Users/hannasampaio/.m2/repository/javax/validation/validation-api/1.1.0.Final/validation-api-1.1.0.Final.jar:/Users/hannasampaio/.m2/repository/org/hibernate/javax/persistence/hibernate-jpa-2.1-api/1.0.0.Final/hibernate-jpa-2.1-api-1.0.0.Final.jar:/Users/hannasampaio/.m2/repository/org/jboss/spec/javax/annotation/jboss-annotations-api_1.2_spec/1.0.2.Final/jboss-annotations-api_1.2_spec-1.0.2.Final.jar:/Users/hannasampaio/.m2/repository/org/jboss/spec/javax/batch/jboss-batch-api_1.0_spec/1.0.1.Final/jboss-batch-api_1.0_spec-1.0.1.Final.jar:/Users/hannasampaio/.m2/repository/org/jboss/spec/javax/ejb/jboss-ejb-api_3.2_spec/1.0.1.Final/jboss-ejb-api_3.2_spec-1.0.1.Final.jar:/Users/hannasampaio/.m2/repository/org/jboss/spec/javax/el/jboss-el-api_3.0_spec/1.0.11.Final/jboss-el-api_3.0_spec-1.0.11.Final.jar:/Users/hannasampaio/.m2/repository/org/jboss/spec/javax/enterprise/concurrent/jboss-concurrency-api_1.0_spec/1.0.1.Final/jboss-concurrency-api_1.0_spec-1.0.1.Final.jar:/Users/hannasampaio/.m2/repository/org/jboss/spec/javax/faces/jboss-jsf-api_2.2_spec/2.2.14/jboss-jsf-api_2.2_spec-2.2.14.jar:/Users/hannasampaio/.m2/repository/org/jboss/spec/javax/interceptor/jboss-interceptors-api_1.2_spec/1.0.1.Final/jboss-interceptors-api_1.2_spec-1.0.1.Final.jar:/Users/hannasampaio/.m2/repository/org/jboss/spec/javax/json/jboss-json-api_1.0_spec/1.0.1.Final/jboss-json-api_1.0_spec-1.0.1.Final.jar:/Users/hannasampaio/.m2/repository/org/jboss/spec/javax/management/j2ee/jboss-j2eemgmt-api_1.1_spec/1.0.2.Final/jboss-j2eemgmt-api_1.1_spec-1.0.2.Final.jar:/Users/hannasampaio/.m2/repository/org/jboss/spec/javax/resource/jboss-connector-api_1.7_spec/1.0.1.Final/jboss-connector-api_1.7_spec-1.0.1.Final.jar:/Users/hannasampaio/.m2/repository/org/jboss/spec/javax/rmi/jboss-rmi-api_1.0_spec/1.0.6.Final/jboss-rmi-api_1.0_spec-1.0.6.Final.jar:/Users/hannasampaio/.m2/repository/org/jboss/spec/javax/security/jacc/jboss-jacc-api_1.5_spec/1.0.2.Final/jboss-jacc-api_1.5_spec-1.0.2.Final.jar:/Users/hannasampaio/.m2/repository/org/jboss/spec/javax/servlet/jboss-servlet-api_3.1_spec/1.0.0.Final/jboss-servlet-api_3.1_spec-1.0.0.Final.jar:/Users/hannasampaio/.m2/repository/org/jboss/spec/javax/security/auth/message/jboss-jaspi-api_1.1_spec/1.0.2.Final/jboss-jaspi-api_1.1_spec-1.0.2.Final.jar:/Users/hannasampaio/.m2/repository/org/jboss/spec/javax/jms/jboss-jms-api_2.0_spec/1.0.2.Final/jboss-jms-api_2.0_spec-1.0.2.Final.jar:/Users/hannasampaio/.m2/repository/org/jboss/spec/javax/transaction/jboss-transaction-api_1.2_spec/1.1.1.Final/jboss-transaction-api_1.2_spec-1.1.1.Final.jar:/Users/hannasampaio/.m2/repository/org/jboss/spec/javax/ws/rs/jboss-jaxrs-api_2.0_spec/1.0.1.Final/jboss-jaxrs-api_2.0_spec-1.0.1.Final.jar:/Users/hannasampaio/.m2/repository/org/jboss/spec/javax/websocket/jboss-websocket-api_1.1_spec/1.1.3.Final/jboss-websocket-api_1.1_spec-1.1.3.Final.jar:/Users/hannasampaio/.m2/repository/org/jboss/spec/javax/xml/bind/jboss-jaxb-api_2.2_spec/1.0.5.Final/jboss-jaxb-api_2.2_spec-1.0.5.Final.jar:/Users/hannasampaio/.m2/repository/org/jboss/spec/javax/xml/soap/jboss-saaj-api_1.3_spec/1.0.6.Final/jboss-saaj-api_1.3_spec-1.0.6.Final.jar:/Users/hannasampaio/.m2/repository/org/jboss/spec/javax/xml/ws/jboss-jaxws-api_2.2_spec/2.0.5.Final/jboss-jaxws-api_2.2_spec-2.0.5.Final.jar:/Users/hannasampaio/.m2/repository/javax/javaee-web-api/8.0.1/javaee-web-api-8.0.1.jar:/Users/hannasampaio/.m2/repository/org/primefaces/primefaces/11.0.0/primefaces-11.0.0.jar:/Users/hannasampaio/.m2/repository/org/primefaces/themes/all-themes/1.0.10/all-themes-1.0.10.jar:/Users/hannasampaio/.m2/repository/org/postgresql/postgresql/42.3.2/postgresql-42.3.2.jar:/Users/hannasampaio/.m2/repository/org/checkerframework/checker-qual/3.5.0/checker-qual-3.5.0.jar:/Users/hannasampaio/.m2/repository/junit/junit/4.13.2/junit-4.13.2.jar:/Users/hannasampaio/.m2/repository/org/hamcrest/hamcrest-core/1.3/hamcrest-core-1.3.jar:"/>
    <property name="java.vm.vendor" value="Oracle Corporation"/>
    <property name="sun.arch.data.model" value="64"/>
    <property name="java.vendor.url" value="https://java.oracle.com/"/>
    <property name="os.name" value="Mac OS X"/>
    <property name="java.vm.specification.version" value="21"/>
    <property name="sun.java.launcher" value="SUN_STANDARD"/>
    <property name="user.country" value="BR"/>
    <property name="sun.boot.library.path" value="/Library/Java/JavaVirtualMachines/jdk-21.jdk/Contents/Home/lib"/>
    <property name="sun.java.command" value="/Users/hannasampaio/Desktop/mod-38/target/surefire/surefirebooter-20250505173949727_3.jar /Users/hannasampaio/Desktop/mod-38/target/surefire 2025-05-05T17-39-49_695-jvmRun1 surefire-20250505173949727_1tmp surefire_0-20250505173949727_2tmp"/>
    <property name="http.nonProxyHosts" value="local|*.local|169.254/16|*.169.254/16"/>
    <property name="jdk.debug" value="release"/>
    <property name="surefire.test.class.path" value="/Users/hannasampaio/Desktop/mod-38/target/test-classes:/Users/hannasampaio/Desktop/mod-38/target/classes:/Users/hannasampaio/.m2/repository/org/jboss/spec/jboss-javaee-all-7.0/1.1.1.Final/jboss-javaee-all-7.0-1.1.1.Final.jar:/Users/hannasampaio/.m2/repository/javax/activation/activation/1.1.1/activation-1.1.1.jar:/Users/hannasampaio/.m2/repository/javax/enterprise/cdi-api/1.2/cdi-api-1.2.jar:/Users/hannasampaio/.m2/repository/javax/inject/javax.inject/1/javax.inject-1.jar:/Users/hannasampaio/.m2/repository/javax/jws/jsr181-api/1.0-MR1/jsr181-api-1.0-MR1.jar:/Users/hannasampaio/.m2/repository/com/sun/mail/javax.mail/1.5.6/javax.mail-1.5.6.jar:/Users/hannasampaio/.m2/repository/javax/validation/validation-api/1.1.0.Final/validation-api-1.1.0.Final.jar:/Users/hannasampaio/.m2/repository/org/hibernate/javax/persistence/hibernate-jpa-2.1-api/1.0.0.Final/hibernate-jpa-2.1-api-1.0.0.Final.jar:/Users/hannasampaio/.m2/repository/org/jboss/spec/javax/annotation/jboss-annotations-api_1.2_spec/1.0.2.Final/jboss-annotations-api_1.2_spec-1.0.2.Final.jar:/Users/hannasampaio/.m2/repository/org/jboss/spec/javax/batch/jboss-batch-api_1.0_spec/1.0.1.Final/jboss-batch-api_1.0_spec-1.0.1.Final.jar:/Users/hannasampaio/.m2/repository/org/jboss/spec/javax/ejb/jboss-ejb-api_3.2_spec/1.0.1.Final/jboss-ejb-api_3.2_spec-1.0.1.Final.jar:/Users/hannasampaio/.m2/repository/org/jboss/spec/javax/el/jboss-el-api_3.0_spec/1.0.11.Final/jboss-el-api_3.0_spec-1.0.11.Final.jar:/Users/hannasampaio/.m2/repository/org/jboss/spec/javax/enterprise/concurrent/jboss-concurrency-api_1.0_spec/1.0.1.Final/jboss-concurrency-api_1.0_spec-1.0.1.Final.jar:/Users/hannasampaio/.m2/repository/org/jboss/spec/javax/faces/jboss-jsf-api_2.2_spec/2.2.14/jboss-jsf-api_2.2_spec-2.2.14.jar:/Users/hannasampaio/.m2/repository/org/jboss/spec/javax/interceptor/jboss-interceptors-api_1.2_spec/1.0.1.Final/jboss-interceptors-api_1.2_spec-1.0.1.Final.jar:/Users/hannasampaio/.m2/repository/org/jboss/spec/javax/json/jboss-json-api_1.0_spec/1.0.1.Final/jboss-json-api_1.0_spec-1.0.1.Final.jar:/Users/hannasampaio/.m2/repository/org/jboss/spec/javax/management/j2ee/jboss-j2eemgmt-api_1.1_spec/1.0.2.Final/jboss-j2eemgmt-api_1.1_spec-1.0.2.Final.jar:/Users/hannasampaio/.m2/repository/org/jboss/spec/javax/resource/jboss-connector-api_1.7_spec/1.0.1.Final/jboss-connector-api_1.7_spec-1.0.1.Final.jar:/Users/hannasampaio/.m2/repository/org/jboss/spec/javax/rmi/jboss-rmi-api_1.0_spec/1.0.6.Final/jboss-rmi-api_1.0_spec-1.0.6.Final.jar:/Users/hannasampaio/.m2/repository/org/jboss/spec/javax/security/jacc/jboss-jacc-api_1.5_spec/1.0.2.Final/jboss-jacc-api_1.5_spec-1.0.2.Final.jar:/Users/hannasampaio/.m2/repository/org/jboss/spec/javax/servlet/jboss-servlet-api_3.1_spec/1.0.0.Final/jboss-servlet-api_3.1_spec-1.0.0.Final.jar:/Users/hannasampaio/.m2/repository/org/jboss/spec/javax/security/auth/message/jboss-jaspi-api_1.1_spec/1.0.2.Final/jboss-jaspi-api_1.1_spec-1.0.2.Final.jar:/Users/hannasampaio/.m2/repository/org/jboss/spec/javax/jms/jboss-jms-api_2.0_spec/1.0.2.Final/jboss-jms-api_2.0_spec-1.0.2.Final.jar:/Users/hannasampaio/.m2/repository/org/jboss/spec/javax/transaction/jboss-transaction-api_1.2_spec/1.1.1.Final/jboss-transaction-api_1.2_spec-1.1.1.Final.jar:/Users/hannasampaio/.m2/repository/org/jboss/spec/javax/ws/rs/jboss-jaxrs-api_2.0_spec/1.0.1.Final/jboss-jaxrs-api_2.0_spec-1.0.1.Final.jar:/Users/hannasampaio/.m2/repository/org/jboss/spec/javax/websocket/jboss-websocket-api_1.1_spec/1.1.3.Final/jboss-websocket-api_1.1_spec-1.1.3.Final.jar:/Users/hannasampaio/.m2/repository/org/jboss/spec/javax/xml/bind/jboss-jaxb-api_2.2_spec/1.0.5.Final/jboss-jaxb-api_2.2_spec-1.0.5.Final.jar:/Users/hannasampaio/.m2/repository/org/jboss/spec/javax/xml/soap/jboss-saaj-api_1.3_spec/1.0.6.Final/jboss-saaj-api_1.3_spec-1.0.6.Final.jar:/Users/hannasampaio/.m2/repository/org/jboss/spec/javax/xml/ws/jboss-jaxws-api_2.2_spec/2.0.5.Final/jboss-jaxws-api_2.2_spec-2.0.5.Final.jar:/Users/hannasampaio/.m2/repository/javax/javaee-web-api/8.0.1/javaee-web-api-8.0.1.jar:/Users/hannasampaio/.m2/repository/org/primefaces/primefaces/11.0.0/primefaces-11.0.0.jar:/Users/hannasampaio/.m2/repository/org/primefaces/themes/all-themes/1.0.10/all-themes-1.0.10.jar:/Users/hannasampaio/.m2/repository/org/postgresql/postgresql/42.3.2/postgresql-42.3.2.jar:/Users/hannasampaio/.m2/repository/org/checkerframework/checker-qual/3.5.0/checker-qual-3.5.0.jar:/Users/hannasampaio/.m2/repository/junit/junit/4.13.2/junit-4.13.2.jar:/Users/hannasampaio/.m2/repository/org/hamcrest/hamcrest-core/1.3/hamcrest-core-1.3.jar:"/>
    <property name="sun.cpu.endian" value="little"/>
    <property name="user.home" value="/Users/hannasampaio"/>
    <property name="user.language" value="pt"/>
    <property name="java.specification.vendor" value="Oracle Corporation"/>
    <property name="java.version.date" value="2025-01-21"/>
    <property name="java.home" value="/Library/Java/JavaVirtualMachines/jdk-21.jdk/Contents/Home"/>
    <property name="file.separator" value="/"/>
    <property name="basedir" value="/Users/hannasampaio/Desktop/mod-38"/>
    <property name="java.vm.compressedOopsMode" value="Zero based"/>
    <property name="line.separator" value="&#10;"/>
    <property name="java.vm.specification.vendor" value="Oracle Corporation"/>
    <property name="java.specification.name" value="Java Platform API Specification"/>
    <property name="apple.awt.application.name" value="ForkedBooter"/>
    <property name="surefire.real.class.path" value="/Users/hannasampaio/Desktop/mod-38/target/surefire/surefirebooter-20250505173949727_3.jar"/>
    <property name="sun.management.compiler" value="HotSpot 64-Bit Tiered Compilers"/>
    <property name="ftp.nonProxyHosts" value="local|*.local|169.254/16|*.169.254/16"/>
    <property name="java.runtime.version" value="21.0.6+8-LTS-188"/>
    <property name="user.name" value="hannasampaio"/>
    <property name="stdout.encoding" value="UTF-8"/>
    <property name="path.separator" value=":"/>
    <property name="os.version" value="15.3.2"/>
    <property name="java.runtime.name" value="Java(TM) SE Runtime Environment"/>
    <property name="file.encoding" value="UTF-8"/>
    <property name="java.vm.name" value="Java HotSpot(TM) 64-Bit Server VM"/>
    <property name="localRepository" value="/Users/hannasampaio/.m2/repository"/>
    <property name="java.vendor.url.bug" value="https://bugreport.java.com/bugreport/"/>
    <property name="java.io.tmpdir" value="/var/folders/8n/3vsxxz2n2w340ps7983cbfk40000gn/T/"/>
    <property name="java.version" value="21.0.6"/>
    <property name="user.dir" value="/Users/hannasampaio/Desktop/mod-38"/>
    <property name="os.arch" value="aarch64"/>
    <property name="java.vm.specification.name" value="Java Virtual Machine Specification"/>
    <property name="native.encoding" value="UTF-8"/>
    <property name="java.library.path" value="/Users/hannasampaio/Library/Java/Extensions:/Library/Java/Extensions:/Network/Library/Java/Extensions:/System/Library/Java/Extensions:/usr/lib/java:."/>
    <property name="java.vm.info" value="mixed mode, sharing"/>
    <property name="stderr.encoding" value="UTF-8"/>
    <property name="java.vendor" value="Oracle Corporation"/>
    <property name="java.vm.version" value="21.0.6+8-LTS-188"/>
    <property name="sun.io.unicode.encoding" value="UnicodeBig"/>
    <property name="socksNonProxyHosts" value="local|*.local|169.254/16|*.169.254/16"/>
    <property name="java.class.version" value="65.0"/>
  </properties>
  <testcase name="replaceCPF" classname="br.com.sampaioh.teste.ReplaceUtilsTest" time="0.002"/>
  <testcase name="replaceTel" classname="br.com.sampaioh.teste.ReplaceUtilsTest" time="0.001"/>
</testsuite>